\BOOKMARK [1][-]{section*.1}{Contents}{}% 1
\BOOKMARK [1][-]{section.1}{Package FlowSampTest}{}% 2
\BOOKMARK [2][-]{subsection.1.1}{Modules}{section.1}% 3
\BOOKMARK [2][-]{subsection.1.2}{Variables}{section.1}% 4
\BOOKMARK [1][-]{section.2}{Package FlowSampTest.FlowSampRyu}{}% 5
\BOOKMARK [2][-]{subsection.2.1}{Modules}{section.2}% 6
\BOOKMARK [2][-]{subsection.2.2}{Variables}{section.2}% 7
\BOOKMARK [1][-]{section.3}{Package FlowSampTest.FlowSampRyu.controller}{}% 8
\BOOKMARK [2][-]{subsection.3.1}{Modules}{section.3}% 9
\BOOKMARK [2][-]{subsection.3.2}{Variables}{section.3}% 10
\BOOKMARK [1][-]{section.4}{Module FlowSampTest.FlowSampRyu.controller.feedback\137analyser}{}% 11
\BOOKMARK [2][-]{subsection.4.1}{Functions}{section.4}% 12
\BOOKMARK [2][-]{subsection.4.2}{Variables}{section.4}% 13
\BOOKMARK [1][-]{section.5}{Module FlowSampTest.FlowSampRyu.controller.flow\137samp}{}% 14
\BOOKMARK [2][-]{subsection.5.1}{Functions}{section.5}% 15
\BOOKMARK [2][-]{subsection.5.2}{Variables}{section.5}% 16
\BOOKMARK [2][-]{subsection.5.3}{Class FlowSamp}{section.5}% 17
\BOOKMARK [3][-]{subsubsection.5.3.1}{Methods}{subsection.5.3}% 18
\BOOKMARK [3][-]{subsubsection.5.3.2}{Class Variables}{subsection.5.3}% 19
\BOOKMARK [1][-]{section.6}{Module FlowSampTest.FlowSampRyu.controller.limit\137parser}{}% 20
\BOOKMARK [2][-]{subsection.6.1}{Functions}{section.6}% 21
\BOOKMARK [2][-]{subsection.6.2}{Variables}{section.6}% 22
\BOOKMARK [1][-]{section.7}{Package FlowSampTest.FlowSampRyu.monitor}{}% 23
\BOOKMARK [2][-]{subsection.7.1}{Modules}{section.7}% 24
\BOOKMARK [2][-]{subsection.7.2}{Variables}{section.7}% 25
\BOOKMARK [1][-]{section.8}{Module FlowSampTest.FlowSampRyu.monitor.send\137feedback}{}% 26
\BOOKMARK [2][-]{subsection.8.1}{Functions}{section.8}% 27
\BOOKMARK [2][-]{subsection.8.2}{Variables}{section.8}% 28
\BOOKMARK [1][-]{section.9}{Module FlowSampTest.FlowSampRyu.monitor.utilisation}{}% 29
\BOOKMARK [2][-]{subsection.9.1}{Functions}{section.9}% 30
\BOOKMARK [2][-]{subsection.9.2}{Variables}{section.9}% 31
\BOOKMARK [1][-]{section.10}{Module FlowSampTest.flow\137samp\137testbed}{}% 32
\BOOKMARK [2][-]{subsection.10.1}{Functions}{section.10}% 33
\BOOKMARK [1][-]{section.11}{Module FlowSampTest.plotter}{}% 34
\BOOKMARK [2][-]{subsection.11.1}{Functions}{section.11}% 35
\BOOKMARK [2][-]{subsection.11.2}{Variables}{section.11}% 36
\BOOKMARK [1][-]{section.12}{Module FlowSampTest.topology}{}% 37
\BOOKMARK [2][-]{subsection.12.1}{Functions}{section.12}% 38
\BOOKMARK [2][-]{subsection.12.2}{Class TestTopo}{section.12}% 39
\BOOKMARK [3][-]{subsubsection.12.2.1}{Methods}{subsection.12.2}% 40
\BOOKMARK [1][-]{section*.2}{Index}{}% 41
